{"C:\\Users\\yeehj\\Desktop\\우테코 프리코스\\4주차\\javascript-christmas-6-LeeHanJun00\\src\\App.js": {"path":"C:\\Users\\yeehj\\Desktop\\우테코 프리코스\\4주차\\javascript-christmas-6-LeeHanJun00\\src\\App.js","statementMap":{"0":{"start":{"line":10,"column":4},"end":{"line":10,"column":19}},"1":{"start":{"line":11,"column":4},"end":{"line":11,"column":18}},"2":{"start":{"line":12,"column":4},"end":{"line":12,"column":20}},"3":{"start":{"line":16,"column":4},"end":{"line":16,"column":28}},"4":{"start":{"line":18,"column":4},"end":{"line":18,"column":31}},"5":{"start":{"line":19,"column":4},"end":{"line":19,"column":32}},"6":{"start":{"line":21,"column":4},"end":{"line":21,"column":41}},"7":{"start":{"line":22,"column":4},"end":{"line":22,"column":40}},"8":{"start":{"line":24,"column":4},"end":{"line":24,"column":64}},"9":{"start":{"line":25,"column":4},"end":{"line":25,"column":49}},"10":{"start":{"line":27,"column":4},"end":{"line":27,"column":38}},"11":{"start":{"line":31,"column":4},"end":{"line":31,"column":39}},"12":{"start":{"line":35,"column":17},"end":{"line":35,"column":27}},"13":{"start":{"line":36,"column":4},"end":{"line":36,"column":57}},"14":{"start":{"line":40,"column":20},"end":{"line":40,"column":33}},"15":{"start":{"line":41,"column":4},"end":{"line":41,"column":98}},"16":{"start":{"line":43,"column":4},"end":{"line":43,"column":48}},"17":{"start":{"line":44,"column":4},"end":{"line":44,"column":37}},"18":{"start":{"line":45,"column":4},"end":{"line":45,"column":67}},"19":{"start":{"line":47,"column":31},"end":{"line":47,"column":91}},"20":{"start":{"line":48,"column":4},"end":{"line":48,"column":54}},"21":{"start":{"line":50,"column":22},"end":{"line":50,"column":70}},"22":{"start":{"line":51,"column":4},"end":{"line":51,"column":42}}},"fnMap":{"0":{"name":"(anonymous_0)","decl":{"start":{"line":9,"column":2},"end":{"line":9,"column":3}},"loc":{"start":{"line":9,"column":16},"end":{"line":13,"column":3}},"line":9},"1":{"name":"(anonymous_1)","decl":{"start":{"line":15,"column":2},"end":{"line":15,"column":3}},"loc":{"start":{"line":15,"column":14},"end":{"line":28,"column":3}},"line":15},"2":{"name":"(anonymous_2)","decl":{"start":{"line":30,"column":2},"end":{"line":30,"column":3}},"loc":{"start":{"line":30,"column":24},"end":{"line":32,"column":3}},"line":30},"3":{"name":"(anonymous_3)","decl":{"start":{"line":34,"column":2},"end":{"line":34,"column":3}},"loc":{"start":{"line":34,"column":25},"end":{"line":37,"column":3}},"line":34},"4":{"name":"(anonymous_4)","decl":{"start":{"line":39,"column":2},"end":{"line":39,"column":3}},"loc":{"start":{"line":39,"column":31},"end":{"line":52,"column":3}},"line":39}},"branchMap":{},"s":{"0":4,"1":4,"2":4,"3":4,"4":4,"5":4,"6":4,"7":4,"8":4,"9":4,"10":4,"11":4,"12":4,"13":4,"14":4,"15":4,"16":4,"17":4,"18":4,"19":4,"20":4,"21":4,"22":4},"f":{"0":4,"1":4,"2":4,"3":4,"4":4},"b":{},"_coverageSchema":"1a1c01bbd47fc00a2c39e90264f33305004495a9","hash":"bedf56dca6269520017bfaee01c4788b513d630f"}
,"C:\\Users\\yeehj\\Desktop\\우테코 프리코스\\4주차\\javascript-christmas-6-LeeHanJun00\\src\\Benefit.js": {"path":"C:\\Users\\yeehj\\Desktop\\우테코 프리코스\\4주차\\javascript-christmas-6-LeeHanJun00\\src\\Benefit.js","statementMap":{"0":{"start":{"line":5,"column":4},"end":{"line":5,"column":32}},"1":{"start":{"line":6,"column":4},"end":{"line":6,"column":31}},"2":{"start":{"line":7,"column":4},"end":{"line":7,"column":23}},"3":{"start":{"line":8,"column":4},"end":{"line":8,"column":29}},"4":{"start":{"line":9,"column":4},"end":{"line":9,"column":29}},"5":{"start":{"line":10,"column":4},"end":{"line":10,"column":29}},"6":{"start":{"line":13,"column":4},"end":{"line":15,"column":5}},"7":{"start":{"line":14,"column":6},"end":{"line":14,"column":13}},"8":{"start":{"line":17,"column":4},"end":{"line":19,"column":5}},"9":{"start":{"line":18,"column":6},"end":{"line":18,"column":64}},"10":{"start":{"line":23,"column":4},"end":{"line":23,"column":68}},"11":{"start":{"line":24,"column":4},"end":{"line":24,"column":53}},"12":{"start":{"line":25,"column":4},"end":{"line":25,"column":74}},"13":{"start":{"line":26,"column":4},"end":{"line":26,"column":74}},"14":{"start":{"line":27,"column":4},"end":{"line":27,"column":60}},"15":{"start":{"line":28,"column":4},"end":{"line":29,"column":115}},"16":{"start":{"line":33,"column":4},"end":{"line":35,"column":5}},"17":{"start":{"line":34,"column":6},"end":{"line":34,"column":62}},"18":{"start":{"line":37,"column":4},"end":{"line":37,"column":13}},"19":{"start":{"line":41,"column":27},"end":{"line":41,"column":109}},"20":{"start":{"line":43,"column":4},"end":{"line":43,"column":26}},"21":{"start":{"line":47,"column":4},"end":{"line":49,"column":5}},"22":{"start":{"line":48,"column":6},"end":{"line":48,"column":23}},"23":{"start":{"line":51,"column":4},"end":{"line":51,"column":13}},"24":{"start":{"line":55,"column":4},"end":{"line":59,"column":5}},"25":{"start":{"line":56,"column":36},"end":{"line":56,"column":81}},"26":{"start":{"line":58,"column":6},"end":{"line":58,"column":35}},"27":{"start":{"line":61,"column":4},"end":{"line":61,"column":13}},"28":{"start":{"line":65,"column":28},"end":{"line":65,"column":60}},"29":{"start":{"line":66,"column":27},"end":{"line":66,"column":79}},"30":{"start":{"line":68,"column":4},"end":{"line":68,"column":26}},"31":{"start":{"line":72,"column":4},"end":{"line":76,"column":5}},"32":{"start":{"line":73,"column":36},"end":{"line":73,"column":81}},"33":{"start":{"line":75,"column":6},"end":{"line":75,"column":35}},"34":{"start":{"line":78,"column":4},"end":{"line":78,"column":13}},"35":{"start":{"line":82,"column":25},"end":{"line":82,"column":54}},"36":{"start":{"line":83,"column":27},"end":{"line":83,"column":76}},"37":{"start":{"line":85,"column":4},"end":{"line":85,"column":26}},"38":{"start":{"line":89,"column":4},"end":{"line":91,"column":5}},"39":{"start":{"line":90,"column":6},"end":{"line":90,"column":15}},"40":{"start":{"line":93,"column":4},"end":{"line":93,"column":38}}},"fnMap":{"0":{"name":"(anonymous_0)","decl":{"start":{"line":4,"column":2},"end":{"line":4,"column":3}},"loc":{"start":{"line":4,"column":16},"end":{"line":11,"column":3}},"line":4},"1":{"name":"(anonymous_1)","decl":{"start":{"line":12,"column":2},"end":{"line":12,"column":3}},"loc":{"start":{"line":12,"column":73},"end":{"line":20,"column":3}},"line":12},"2":{"name":"(anonymous_2)","decl":{"start":{"line":22,"column":2},"end":{"line":22,"column":3}},"loc":{"start":{"line":22,"column":48},"end":{"line":30,"column":3}},"line":22},"3":{"name":"(anonymous_3)","decl":{"start":{"line":32,"column":2},"end":{"line":32,"column":3}},"loc":{"start":{"line":32,"column":36},"end":{"line":38,"column":3}},"line":32},"4":{"name":"(anonymous_4)","decl":{"start":{"line":40,"column":2},"end":{"line":40,"column":3}},"loc":{"start":{"line":40,"column":46},"end":{"line":44,"column":3}},"line":40},"5":{"name":"(anonymous_5)","decl":{"start":{"line":46,"column":2},"end":{"line":46,"column":3}},"loc":{"start":{"line":46,"column":29},"end":{"line":52,"column":3}},"line":46},"6":{"name":"(anonymous_6)","decl":{"start":{"line":54,"column":2},"end":{"line":54,"column":3}},"loc":{"start":{"line":54,"column":44},"end":{"line":62,"column":3}},"line":54},"7":{"name":"(anonymous_7)","decl":{"start":{"line":64,"column":2},"end":{"line":64,"column":3}},"loc":{"start":{"line":64,"column":43},"end":{"line":69,"column":3}},"line":64},"8":{"name":"(anonymous_8)","decl":{"start":{"line":71,"column":2},"end":{"line":71,"column":3}},"loc":{"start":{"line":71,"column":44},"end":{"line":79,"column":3}},"line":71},"9":{"name":"(anonymous_9)","decl":{"start":{"line":81,"column":2},"end":{"line":81,"column":3}},"loc":{"start":{"line":81,"column":43},"end":{"line":86,"column":3}},"line":81},"10":{"name":"(anonymous_10)","decl":{"start":{"line":88,"column":2},"end":{"line":88,"column":3}},"loc":{"start":{"line":88,"column":30},"end":{"line":94,"column":3}},"line":88}},"branchMap":{"0":{"loc":{"start":{"line":13,"column":4},"end":{"line":15,"column":5}},"type":"if","locations":[{"start":{"line":13,"column":4},"end":{"line":15,"column":5}},{"start":{},"end":{}}],"line":13},"1":{"loc":{"start":{"line":17,"column":4},"end":{"line":19,"column":5}},"type":"if","locations":[{"start":{"line":17,"column":4},"end":{"line":19,"column":5}},{"start":{},"end":{}}],"line":17},"2":{"loc":{"start":{"line":33,"column":4},"end":{"line":35,"column":5}},"type":"if","locations":[{"start":{"line":33,"column":4},"end":{"line":35,"column":5}},{"start":{},"end":{}}],"line":33},"3":{"loc":{"start":{"line":33,"column":8},"end":{"line":33,"column":41}},"type":"binary-expr","locations":[{"start":{"line":33,"column":8},"end":{"line":33,"column":22}},{"start":{"line":33,"column":26},"end":{"line":33,"column":41}}],"line":33},"4":{"loc":{"start":{"line":47,"column":4},"end":{"line":49,"column":5}},"type":"if","locations":[{"start":{"line":47,"column":4},"end":{"line":49,"column":5}},{"start":{},"end":{}}],"line":47},"5":{"loc":{"start":{"line":55,"column":4},"end":{"line":59,"column":5}},"type":"if","locations":[{"start":{"line":55,"column":4},"end":{"line":59,"column":5}},{"start":{},"end":{}}],"line":55},"6":{"loc":{"start":{"line":72,"column":4},"end":{"line":76,"column":5}},"type":"if","locations":[{"start":{"line":72,"column":4},"end":{"line":76,"column":5}},{"start":{},"end":{}}],"line":72},"7":{"loc":{"start":{"line":89,"column":4},"end":{"line":91,"column":5}},"type":"if","locations":[{"start":{"line":89,"column":4},"end":{"line":91,"column":5}},{"start":{},"end":{}}],"line":89}},"s":{"0":19,"1":19,"2":19,"3":19,"4":19,"5":19,"6":4,"7":1,"8":3,"9":3,"10":3,"11":3,"12":3,"13":3,"14":3,"15":3,"16":7,"17":6,"18":1,"19":6,"20":6,"21":5,"22":2,"23":3,"24":4,"25":3,"26":3,"27":1,"28":3,"29":3,"30":3,"31":4,"32":2,"33":2,"34":2,"35":2,"36":2,"37":2,"38":10,"39":2,"40":8},"f":{"0":19,"1":4,"2":3,"3":7,"4":6,"5":5,"6":4,"7":3,"8":4,"9":2,"10":10},"b":{"0":[1,3],"1":[3,0],"2":[6,1],"3":[7,7],"4":[2,3],"5":[3,1],"6":[2,2],"7":[2,8]},"_coverageSchema":"1a1c01bbd47fc00a2c39e90264f33305004495a9","hash":"6ec679c929298683def83a595a82504bd3c337c3"}
,"C:\\Users\\yeehj\\Desktop\\우테코 프리코스\\4주차\\javascript-christmas-6-LeeHanJun00\\src\\Menu.js": {"path":"C:\\Users\\yeehj\\Desktop\\우테코 프리코스\\4주차\\javascript-christmas-6-LeeHanJun00\\src\\Menu.js","statementMap":{"0":{"start":{"line":7,"column":4},"end":{"line":19,"column":5}},"1":{"start":{"line":8,"column":28},"end":{"line":8,"column":55}},"2":{"start":{"line":9,"column":38},"end":{"line":9,"column":62}},"3":{"start":{"line":10,"column":6},"end":{"line":10,"column":54}},"4":{"start":{"line":11,"column":23},"end":{"line":11,"column":71}},"5":{"start":{"line":12,"column":6},"end":{"line":12,"column":30}},"6":{"start":{"line":14,"column":6},"end":{"line":14,"column":22}},"7":{"start":{"line":16,"column":6},"end":{"line":16,"column":35}},"8":{"start":{"line":18,"column":6},"end":{"line":18,"column":30}},"9":{"start":{"line":23,"column":21},"end":{"line":28,"column":10}},"10":{"start":{"line":24,"column":28},"end":{"line":24,"column":42}},"11":{"start":{"line":25,"column":6},"end":{"line":25,"column":36}},"12":{"start":{"line":27,"column":6},"end":{"line":27,"column":17}},"13":{"start":{"line":30,"column":4},"end":{"line":30,"column":20}},"14":{"start":{"line":34,"column":4},"end":{"line":34,"column":47}},"15":{"start":{"line":38,"column":4},"end":{"line":38,"column":38}},"16":{"start":{"line":39,"column":4},"end":{"line":39,"column":44}},"17":{"start":{"line":40,"column":4},"end":{"line":40,"column":43}},"18":{"start":{"line":41,"column":4},"end":{"line":41,"column":38}}},"fnMap":{"0":{"name":"(anonymous_0)","decl":{"start":{"line":6,"column":2},"end":{"line":6,"column":3}},"loc":{"start":{"line":6,"column":20},"end":{"line":20,"column":3}},"line":6},"1":{"name":"(anonymous_1)","decl":{"start":{"line":22,"column":2},"end":{"line":22,"column":3}},"loc":{"start":{"line":22,"column":36},"end":{"line":31,"column":3}},"line":22},"2":{"name":"(anonymous_2)","decl":{"start":{"line":23,"column":42},"end":{"line":23,"column":43}},"loc":{"start":{"line":23,"column":56},"end":{"line":28,"column":5}},"line":23},"3":{"name":"(anonymous_3)","decl":{"start":{"line":33,"column":2},"end":{"line":33,"column":3}},"loc":{"start":{"line":33,"column":35},"end":{"line":35,"column":3}},"line":33},"4":{"name":"(anonymous_4)","decl":{"start":{"line":37,"column":2},"end":{"line":37,"column":3}},"loc":{"start":{"line":37,"column":21},"end":{"line":42,"column":3}},"line":37}},"branchMap":{},"s":{"0":5,"1":5,"2":5,"3":5,"4":5,"5":5,"6":4,"7":1,"8":1,"9":6,"10":12,"11":12,"12":12,"13":6,"14":5,"15":5,"16":5,"17":4,"18":4},"f":{"0":5,"1":6,"2":12,"3":5,"4":5},"b":{},"_coverageSchema":"1a1c01bbd47fc00a2c39e90264f33305004495a9","hash":"d946bd047a12ccae947b8ade2a7ee04546a4cbec"}
,"C:\\Users\\yeehj\\Desktop\\우테코 프리코스\\4주차\\javascript-christmas-6-LeeHanJun00\\src\\constants\\Constant.js": {"path":"C:\\Users\\yeehj\\Desktop\\우테코 프리코스\\4주차\\javascript-christmas-6-LeeHanJun00\\src\\constants\\Constant.js","statementMap":{"0":{"start":{"line":1,"column":23},"end":{"line":4,"column":2}},"1":{"start":{"line":6,"column":21},"end":{"line":9,"column":2}},"2":{"start":{"line":11,"column":25},"end":{"line":15,"column":2}},"3":{"start":{"line":17,"column":20},"end":{"line":22,"column":2}},"4":{"start":{"line":24,"column":23},"end":{"line":27,"column":2}},"5":{"start":{"line":29,"column":21},"end":{"line":33,"column":2}},"6":{"start":{"line":35,"column":20},"end":{"line":48,"column":2}},"7":{"start":{"line":50,"column":28},"end":{"line":50,"column":51}},"8":{"start":{"line":52,"column":22},"end":{"line":59,"column":2}}},"fnMap":{},"branchMap":{},"s":{"0":8,"1":8,"2":8,"3":8,"4":8,"5":8,"6":8,"7":8,"8":8},"f":{},"b":{},"_coverageSchema":"1a1c01bbd47fc00a2c39e90264f33305004495a9","hash":"664f6d828c0a6bd4c60f4e769ea98f0649ced369"}
,"C:\\Users\\yeehj\\Desktop\\우테코 프리코스\\4주차\\javascript-christmas-6-LeeHanJun00\\src\\utils\\Validator.js": {"path":"C:\\Users\\yeehj\\Desktop\\우테코 프리코스\\4주차\\javascript-christmas-6-LeeHanJun00\\src\\utils\\Validator.js","statementMap":{"0":{"start":{"line":5,"column":27},"end":{"line":5,"column":49}},"1":{"start":{"line":6,"column":23},"end":{"line":6,"column":40}},"2":{"start":{"line":8,"column":4},"end":{"line":10,"column":5}},"3":{"start":{"line":8,"column":62},"end":{"line":8,"column":91}},"4":{"start":{"line":9,"column":6},"end":{"line":9,"column":39}},"5":{"start":{"line":12,"column":4},"end":{"line":12,"column":11}},"6":{"start":{"line":16,"column":4},"end":{"line":18,"column":5}},"7":{"start":{"line":17,"column":6},"end":{"line":17,"column":39}},"8":{"start":{"line":21,"column":4},"end":{"line":23,"column":5}},"9":{"start":{"line":22,"column":6},"end":{"line":22,"column":39}},"10":{"start":{"line":25,"column":4},"end":{"line":25,"column":11}},"11":{"start":{"line":29,"column":26},"end":{"line":33,"column":6}},"12":{"start":{"line":30,"column":21},"end":{"line":30,"column":36}},"13":{"start":{"line":32,"column":6},"end":{"line":32,"column":18}},"14":{"start":{"line":35,"column":25},"end":{"line":35,"column":47}},"15":{"start":{"line":36,"column":4},"end":{"line":38,"column":5}},"16":{"start":{"line":37,"column":6},"end":{"line":37,"column":39}},"17":{"start":{"line":40,"column":4},"end":{"line":40,"column":11}},"18":{"start":{"line":44,"column":27},"end":{"line":44,"column":49}},"19":{"start":{"line":45,"column":24},"end":{"line":45,"column":42}},"20":{"start":{"line":47,"column":4},"end":{"line":49,"column":5}},"21":{"start":{"line":47,"column":63},"end":{"line":47,"column":92}},"22":{"start":{"line":48,"column":6},"end":{"line":48,"column":39}},"23":{"start":{"line":51,"column":4},"end":{"line":51,"column":11}},"24":{"start":{"line":55,"column":26},"end":{"line":55,"column":50}},"25":{"start":{"line":56,"column":4},"end":{"line":62,"column":7}},"26":{"start":{"line":57,"column":6},"end":{"line":59,"column":7}},"27":{"start":{"line":58,"column":8},"end":{"line":58,"column":41}},"28":{"start":{"line":61,"column":6},"end":{"line":61,"column":13}},"29":{"start":{"line":64,"column":4},"end":{"line":64,"column":11}},"30":{"start":{"line":68,"column":26},"end":{"line":68,"column":50}},"31":{"start":{"line":69,"column":31},"end":{"line":69,"column":81}},"32":{"start":{"line":69,"column":67},"end":{"line":69,"column":77}},"33":{"start":{"line":70,"column":4},"end":{"line":72,"column":5}},"34":{"start":{"line":71,"column":6},"end":{"line":71,"column":39}},"35":{"start":{"line":74,"column":4},"end":{"line":74,"column":11}},"36":{"start":{"line":78,"column":17},"end":{"line":78,"column":46}},"37":{"start":{"line":79,"column":4},"end":{"line":81,"column":5}},"38":{"start":{"line":80,"column":6},"end":{"line":80,"column":23}},"39":{"start":{"line":83,"column":4},"end":{"line":83,"column":21}},"40":{"start":{"line":87,"column":4},"end":{"line":89,"column":72}},"41":{"start":{"line":88,"column":24},"end":{"line":88,"column":52}},"42":{"start":{"line":89,"column":38},"end":{"line":89,"column":67}},"43":{"start":{"line":93,"column":4},"end":{"line":95,"column":66}},"44":{"start":{"line":94,"column":24},"end":{"line":94,"column":49}},"45":{"start":{"line":95,"column":35},"end":{"line":95,"column":61}},"46":{"start":{"line":99,"column":17},"end":{"line":99,"column":38}},"47":{"start":{"line":100,"column":4},"end":{"line":102,"column":5}},"48":{"start":{"line":101,"column":6},"end":{"line":101,"column":27}},"49":{"start":{"line":104,"column":4},"end":{"line":104,"column":11}},"50":{"start":{"line":108,"column":4},"end":{"line":108,"column":77}},"51":{"start":{"line":108,"column":66},"end":{"line":108,"column":77}},"52":{"start":{"line":109,"column":4},"end":{"line":109,"column":79}},"53":{"start":{"line":109,"column":67},"end":{"line":109,"column":79}},"54":{"start":{"line":110,"column":4},"end":{"line":110,"column":49}},"55":{"start":{"line":110,"column":37},"end":{"line":110,"column":49}},"56":{"start":{"line":111,"column":4},"end":{"line":111,"column":47}},"57":{"start":{"line":111,"column":35},"end":{"line":111,"column":47}}},"fnMap":{"0":{"name":"(anonymous_0)","decl":{"start":{"line":4,"column":2},"end":{"line":4,"column":3}},"loc":{"start":{"line":4,"column":34},"end":{"line":13,"column":3}},"line":4},"1":{"name":"(anonymous_1)","decl":{"start":{"line":8,"column":52},"end":{"line":8,"column":53}},"loc":{"start":{"line":8,"column":62},"end":{"line":8,"column":91}},"line":8},"2":{"name":"(anonymous_2)","decl":{"start":{"line":15,"column":2},"end":{"line":15,"column":3}},"loc":{"start":{"line":15,"column":30},"end":{"line":26,"column":3}},"line":15},"3":{"name":"(anonymous_3)","decl":{"start":{"line":28,"column":2},"end":{"line":28,"column":3}},"loc":{"start":{"line":28,"column":42},"end":{"line":41,"column":3}},"line":28},"4":{"name":"(anonymous_4)","decl":{"start":{"line":29,"column":44},"end":{"line":29,"column":45}},"loc":{"start":{"line":29,"column":54},"end":{"line":33,"column":5}},"line":29},"5":{"name":"(anonymous_5)","decl":{"start":{"line":43,"column":2},"end":{"line":43,"column":3}},"loc":{"start":{"line":43,"column":40},"end":{"line":52,"column":3}},"line":43},"6":{"name":"(anonymous_6)","decl":{"start":{"line":47,"column":53},"end":{"line":47,"column":54}},"loc":{"start":{"line":47,"column":63},"end":{"line":47,"column":92}},"line":47},"7":{"name":"(anonymous_7)","decl":{"start":{"line":54,"column":2},"end":{"line":54,"column":3}},"loc":{"start":{"line":54,"column":39},"end":{"line":65,"column":3}},"line":54},"8":{"name":"(anonymous_8)","decl":{"start":{"line":56,"column":26},"end":{"line":56,"column":27}},"loc":{"start":{"line":56,"column":38},"end":{"line":62,"column":5}},"line":56},"9":{"name":"(anonymous_9)","decl":{"start":{"line":67,"column":2},"end":{"line":67,"column":3}},"loc":{"start":{"line":67,"column":34},"end":{"line":75,"column":3}},"line":67},"10":{"name":"(anonymous_10)","decl":{"start":{"line":69,"column":52},"end":{"line":69,"column":53}},"loc":{"start":{"line":69,"column":67},"end":{"line":69,"column":77}},"line":69},"11":{"name":"(anonymous_11)","decl":{"start":{"line":77,"column":2},"end":{"line":77,"column":3}},"loc":{"start":{"line":77,"column":42},"end":{"line":84,"column":3}},"line":77},"12":{"name":"(anonymous_12)","decl":{"start":{"line":86,"column":2},"end":{"line":86,"column":3}},"loc":{"start":{"line":86,"column":32},"end":{"line":90,"column":3}},"line":86},"13":{"name":"(anonymous_13)","decl":{"start":{"line":88,"column":14},"end":{"line":88,"column":15}},"loc":{"start":{"line":88,"column":24},"end":{"line":88,"column":52}},"line":88},"14":{"name":"(anonymous_14)","decl":{"start":{"line":89,"column":14},"end":{"line":89,"column":15}},"loc":{"start":{"line":89,"column":38},"end":{"line":89,"column":67}},"line":89},"15":{"name":"(anonymous_15)","decl":{"start":{"line":92,"column":2},"end":{"line":92,"column":3}},"loc":{"start":{"line":92,"column":29},"end":{"line":96,"column":3}},"line":92},"16":{"name":"(anonymous_16)","decl":{"start":{"line":94,"column":14},"end":{"line":94,"column":15}},"loc":{"start":{"line":94,"column":24},"end":{"line":94,"column":49}},"line":94},"17":{"name":"(anonymous_17)","decl":{"start":{"line":95,"column":14},"end":{"line":95,"column":15}},"loc":{"start":{"line":95,"column":35},"end":{"line":95,"column":61}},"line":95},"18":{"name":"(anonymous_18)","decl":{"start":{"line":98,"column":2},"end":{"line":98,"column":3}},"loc":{"start":{"line":98,"column":32},"end":{"line":105,"column":3}},"line":98},"19":{"name":"(anonymous_19)","decl":{"start":{"line":107,"column":2},"end":{"line":107,"column":3}},"loc":{"start":{"line":107,"column":40},"end":{"line":112,"column":3}},"line":107}},"branchMap":{"0":{"loc":{"start":{"line":8,"column":4},"end":{"line":10,"column":5}},"type":"if","locations":[{"start":{"line":8,"column":4},"end":{"line":10,"column":5}},{"start":{},"end":{}}],"line":8},"1":{"loc":{"start":{"line":16,"column":4},"end":{"line":18,"column":5}},"type":"if","locations":[{"start":{"line":16,"column":4},"end":{"line":18,"column":5}},{"start":{},"end":{}}],"line":16},"2":{"loc":{"start":{"line":16,"column":8},"end":{"line":16,"column":39}},"type":"binary-expr","locations":[{"start":{"line":16,"column":8},"end":{"line":16,"column":21}},{"start":{"line":16,"column":25},"end":{"line":16,"column":39}}],"line":16},"3":{"loc":{"start":{"line":21,"column":4},"end":{"line":23,"column":5}},"type":"if","locations":[{"start":{"line":21,"column":4},"end":{"line":23,"column":5}},{"start":{},"end":{}}],"line":21},"4":{"loc":{"start":{"line":36,"column":4},"end":{"line":38,"column":5}},"type":"if","locations":[{"start":{"line":36,"column":4},"end":{"line":38,"column":5}},{"start":{},"end":{}}],"line":36},"5":{"loc":{"start":{"line":47,"column":4},"end":{"line":49,"column":5}},"type":"if","locations":[{"start":{"line":47,"column":4},"end":{"line":49,"column":5}},{"start":{},"end":{}}],"line":47},"6":{"loc":{"start":{"line":57,"column":6},"end":{"line":59,"column":7}},"type":"if","locations":[{"start":{"line":57,"column":6},"end":{"line":59,"column":7}},{"start":{},"end":{}}],"line":57},"7":{"loc":{"start":{"line":57,"column":10},"end":{"line":57,"column":66}},"type":"binary-expr","locations":[{"start":{"line":57,"column":10},"end":{"line":57,"column":23}},{"start":{"line":57,"column":27},"end":{"line":57,"column":52}},{"start":{"line":57,"column":56},"end":{"line":57,"column":66}}],"line":57},"8":{"loc":{"start":{"line":70,"column":4},"end":{"line":72,"column":5}},"type":"if","locations":[{"start":{"line":70,"column":4},"end":{"line":72,"column":5}},{"start":{},"end":{}}],"line":70},"9":{"loc":{"start":{"line":79,"column":4},"end":{"line":81,"column":5}},"type":"if","locations":[{"start":{"line":79,"column":4},"end":{"line":81,"column":5}},{"start":{},"end":{}}],"line":79},"10":{"loc":{"start":{"line":79,"column":8},"end":{"line":79,"column":48}},"type":"binary-expr","locations":[{"start":{"line":79,"column":8},"end":{"line":79,"column":26}},{"start":{"line":79,"column":30},"end":{"line":79,"column":48}}],"line":79},"11":{"loc":{"start":{"line":100,"column":4},"end":{"line":102,"column":5}},"type":"if","locations":[{"start":{"line":100,"column":4},"end":{"line":102,"column":5}},{"start":{},"end":{}}],"line":100},"12":{"loc":{"start":{"line":108,"column":4},"end":{"line":108,"column":77}},"type":"if","locations":[{"start":{"line":108,"column":4},"end":{"line":108,"column":77}},{"start":{},"end":{}}],"line":108},"13":{"loc":{"start":{"line":108,"column":8},"end":{"line":108,"column":64}},"type":"binary-expr","locations":[{"start":{"line":108,"column":8},"end":{"line":108,"column":34}},{"start":{"line":108,"column":38},"end":{"line":108,"column":64}}],"line":108},"14":{"loc":{"start":{"line":109,"column":4},"end":{"line":109,"column":79}},"type":"if","locations":[{"start":{"line":109,"column":4},"end":{"line":109,"column":79}},{"start":{},"end":{}}],"line":109},"15":{"loc":{"start":{"line":109,"column":8},"end":{"line":109,"column":65}},"type":"binary-expr","locations":[{"start":{"line":109,"column":8},"end":{"line":109,"column":35}},{"start":{"line":109,"column":39},"end":{"line":109,"column":65}}],"line":109},"16":{"loc":{"start":{"line":110,"column":4},"end":{"line":110,"column":49}},"type":"if","locations":[{"start":{"line":110,"column":4},"end":{"line":110,"column":49}},{"start":{},"end":{}}],"line":110},"17":{"loc":{"start":{"line":111,"column":4},"end":{"line":111,"column":47}},"type":"if","locations":[{"start":{"line":111,"column":4},"end":{"line":111,"column":47}},{"start":{},"end":{}}],"line":111}},"s":{"0":5,"1":5,"2":5,"3":60,"4":0,"5":5,"6":9,"7":2,"8":7,"9":3,"10":4,"11":6,"12":13,"13":13,"14":6,"15":6,"16":1,"17":5,"18":6,"19":6,"20":6,"21":18,"22":2,"23":4,"24":5,"25":5,"26":9,"27":1,"28":8,"29":4,"30":5,"31":5,"32":11,"33":5,"34":1,"35":4,"36":10,"37":10,"38":6,"39":4,"40":4,"41":12,"42":5,"43":3,"44":7,"45":5,"46":10,"47":10,"48":8,"49":2,"50":8,"51":2,"52":6,"53":1,"54":5,"55":2,"56":3,"57":3},"f":{"0":5,"1":60,"2":9,"3":6,"4":13,"5":6,"6":18,"7":5,"8":9,"9":5,"10":11,"11":10,"12":4,"13":12,"14":5,"15":3,"16":7,"17":5,"18":10,"19":8},"b":{"0":[0,5],"1":[2,7],"2":[9,8],"3":[3,4],"4":[1,5],"5":[2,4],"6":[1,8],"7":[9,8,8],"8":[1,4],"9":[6,4],"10":[10,10],"11":[8,2],"12":[2,6],"13":[8,5],"14":[1,5],"15":[6,3],"16":[2,3],"17":[3,0]},"_coverageSchema":"1a1c01bbd47fc00a2c39e90264f33305004495a9","hash":"ae0dcb94759ff9f231cda61d008db68a35eb3959"}
,"C:\\Users\\yeehj\\Desktop\\우테코 프리코스\\4주차\\javascript-christmas-6-LeeHanJun00\\src\\utils\\calculate.js": {"path":"C:\\Users\\yeehj\\Desktop\\우테코 프리코스\\4주차\\javascript-christmas-6-LeeHanJun00\\src\\utils\\calculate.js","statementMap":{"0":{"start":{"line":3,"column":36},"end":{"line":12,"column":1}},"1":{"start":{"line":4,"column":21},"end":{"line":9,"column":7}},"2":{"start":{"line":5,"column":4},"end":{"line":7,"column":5}},"3":{"start":{"line":6,"column":6},"end":{"line":6,"column":47}},"4":{"start":{"line":8,"column":4},"end":{"line":8,"column":15}},"5":{"start":{"line":11,"column":2},"end":{"line":11,"column":20}},"6":{"start":{"line":14,"column":44},"end":{"line":22,"column":1}},"7":{"start":{"line":15,"column":30},"end":{"line":17,"column":52}},"8":{"start":{"line":16,"column":21},"end":{"line":16,"column":72}},"9":{"start":{"line":17,"column":28},"end":{"line":17,"column":48}},"10":{"start":{"line":19,"column":17},"end":{"line":19,"column":49}},"11":{"start":{"line":21,"column":2},"end":{"line":21,"column":16}}},"fnMap":{"0":{"name":"(anonymous_0)","decl":{"start":{"line":3,"column":36},"end":{"line":3,"column":37}},"loc":{"start":{"line":3,"column":56},"end":{"line":12,"column":1}},"line":3},"1":{"name":"(anonymous_1)","decl":{"start":{"line":4,"column":50},"end":{"line":4,"column":51}},"loc":{"start":{"line":4,"column":65},"end":{"line":9,"column":3}},"line":4},"2":{"name":"(anonymous_2)","decl":{"start":{"line":14,"column":44},"end":{"line":14,"column":45}},"loc":{"start":{"line":14,"column":75},"end":{"line":22,"column":1}},"line":14},"3":{"name":"(anonymous_3)","decl":{"start":{"line":16,"column":12},"end":{"line":16,"column":13}},"loc":{"start":{"line":16,"column":21},"end":{"line":16,"column":72}},"line":16},"4":{"name":"(anonymous_4)","decl":{"start":{"line":17,"column":12},"end":{"line":17,"column":13}},"loc":{"start":{"line":17,"column":28},"end":{"line":17,"column":48}},"line":17}},"branchMap":{"0":{"loc":{"start":{"line":5,"column":4},"end":{"line":7,"column":5}},"type":"if","locations":[{"start":{"line":5,"column":4},"end":{"line":7,"column":5}},{"start":{},"end":{}}],"line":5},"1":{"loc":{"start":{"line":16,"column":21},"end":{"line":16,"column":72}},"type":"binary-expr","locations":[{"start":{"line":16,"column":21},"end":{"line":16,"column":40}},{"start":{"line":16,"column":44},"end":{"line":16,"column":72}}],"line":16}},"s":{"0":1,"1":4,"2":8,"3":8,"4":0,"5":4,"6":1,"7":4,"8":24,"9":16,"10":4,"11":4},"f":{"0":4,"1":8,"2":4,"3":24,"4":16},"b":{"0":[8,0],"1":[24,20]},"_coverageSchema":"1a1c01bbd47fc00a2c39e90264f33305004495a9","hash":"65a909f8d0326081d9e6834fbf23023d096c0831"}
,"C:\\Users\\yeehj\\Desktop\\우테코 프리코스\\4주차\\javascript-christmas-6-LeeHanJun00\\src\\utils\\dateCheck.js": {"path":"C:\\Users\\yeehj\\Desktop\\우테코 프리코스\\4주차\\javascript-christmas-6-LeeHanJun00\\src\\utils\\dateCheck.js","statementMap":{"0":{"start":{"line":5,"column":25},"end":{"line":16,"column":1}},"1":{"start":{"line":6,"column":2},"end":{"line":15,"column":3}},"2":{"start":{"line":7,"column":22},"end":{"line":7,"column":49}},"3":{"start":{"line":8,"column":4},"end":{"line":8,"column":24}},"4":{"start":{"line":10,"column":4},"end":{"line":10,"column":21}},"5":{"start":{"line":12,"column":4},"end":{"line":12,"column":33}},"6":{"start":{"line":14,"column":4},"end":{"line":14,"column":23}},"7":{"start":{"line":18,"column":17},"end":{"line":22,"column":1}},"8":{"start":{"line":19,"column":2},"end":{"line":19,"column":29}},"9":{"start":{"line":21,"column":2},"end":{"line":21,"column":9}}},"fnMap":{"0":{"name":"(anonymous_0)","decl":{"start":{"line":5,"column":25},"end":{"line":5,"column":26}},"loc":{"start":{"line":5,"column":37},"end":{"line":16,"column":1}},"line":5},"1":{"name":"(anonymous_1)","decl":{"start":{"line":18,"column":17},"end":{"line":18,"column":18}},"loc":{"start":{"line":18,"column":28},"end":{"line":22,"column":1}},"line":18}},"branchMap":{},"s":{"0":1,"1":5,"2":5,"3":5,"4":4,"5":1,"6":1,"7":1,"8":5,"9":4},"f":{"0":5,"1":5},"b":{},"_coverageSchema":"1a1c01bbd47fc00a2c39e90264f33305004495a9","hash":"3001ac1e1b19193925df2f5814d396bed80a55b5"}
,"C:\\Users\\yeehj\\Desktop\\우테코 프리코스\\4주차\\javascript-christmas-6-LeeHanJun00\\src\\views\\InputView.js": {"path":"C:\\Users\\yeehj\\Desktop\\우테코 프리코스\\4주차\\javascript-christmas-6-LeeHanJun00\\src\\views\\InputView.js","statementMap":{"0":{"start":{"line":4,"column":18},"end":{"line":16,"column":1}},"1":{"start":{"line":6,"column":18},"end":{"line":6,"column":69}},"2":{"start":{"line":8,"column":4},"end":{"line":8,"column":17}},"3":{"start":{"line":12,"column":18},"end":{"line":12,"column":64}},"4":{"start":{"line":14,"column":4},"end":{"line":14,"column":17}}},"fnMap":{"0":{"name":"(anonymous_0)","decl":{"start":{"line":5,"column":2},"end":{"line":5,"column":3}},"loc":{"start":{"line":5,"column":20},"end":{"line":9,"column":3}},"line":5},"1":{"name":"(anonymous_1)","decl":{"start":{"line":11,"column":2},"end":{"line":11,"column":3}},"loc":{"start":{"line":11,"column":20},"end":{"line":15,"column":3}},"line":11}},"branchMap":{},"s":{"0":2,"1":5,"2":5,"3":5,"4":5},"f":{"0":5,"1":5},"b":{},"_coverageSchema":"1a1c01bbd47fc00a2c39e90264f33305004495a9","hash":"76006ceadab26b40f2b048075060d416fa3034b9"}
,"C:\\Users\\yeehj\\Desktop\\우테코 프리코스\\4주차\\javascript-christmas-6-LeeHanJun00\\src\\views\\OutputView.js": {"path":"C:\\Users\\yeehj\\Desktop\\우테코 프리코스\\4주차\\javascript-christmas-6-LeeHanJun00\\src\\views\\OutputView.js","statementMap":{"0":{"start":{"line":3,"column":19},"end":{"line":68,"column":1}},"1":{"start":{"line":5,"column":4},"end":{"line":5,"column":51}},"2":{"start":{"line":9,"column":4},"end":{"line":9,"column":66}},"3":{"start":{"line":13,"column":4},"end":{"line":13,"column":31}},"4":{"start":{"line":14,"column":4},"end":{"line":16,"column":7}},"5":{"start":{"line":15,"column":6},"end":{"line":15,"column":51}},"6":{"start":{"line":20,"column":4},"end":{"line":20,"column":37}},"7":{"start":{"line":21,"column":4},"end":{"line":21,"column":53}},"8":{"start":{"line":25,"column":4},"end":{"line":25,"column":31}},"9":{"start":{"line":26,"column":4},"end":{"line":28,"column":5}},"10":{"start":{"line":27,"column":6},"end":{"line":27,"column":30}},"11":{"start":{"line":30,"column":4},"end":{"line":32,"column":5}},"12":{"start":{"line":31,"column":6},"end":{"line":31,"column":26}},"13":{"start":{"line":36,"column":4},"end":{"line":36,"column":31}},"14":{"start":{"line":37,"column":4},"end":{"line":38,"column":85}},"15":{"start":{"line":38,"column":6},"end":{"line":38,"column":85}},"16":{"start":{"line":39,"column":4},"end":{"line":39,"column":96}},"17":{"start":{"line":39,"column":31},"end":{"line":39,"column":96}},"18":{"start":{"line":40,"column":4},"end":{"line":40,"column":107}},"19":{"start":{"line":40,"column":37},"end":{"line":40,"column":107}},"20":{"start":{"line":41,"column":4},"end":{"line":41,"column":107}},"21":{"start":{"line":41,"column":37},"end":{"line":41,"column":107}},"22":{"start":{"line":42,"column":4},"end":{"line":42,"column":107}},"23":{"start":{"line":42,"column":37},"end":{"line":42,"column":107}},"24":{"start":{"line":43,"column":4},"end":{"line":45,"column":5}},"25":{"start":{"line":43,"column":48},"end":{"line":43,"column":59}},"26":{"start":{"line":44,"column":6},"end":{"line":44,"column":26}},"27":{"start":{"line":49,"column":4},"end":{"line":49,"column":32}},"28":{"start":{"line":50,"column":4},"end":{"line":52,"column":5}},"29":{"start":{"line":51,"column":6},"end":{"line":51,"column":26}},"30":{"start":{"line":54,"column":4},"end":{"line":56,"column":5}},"31":{"start":{"line":55,"column":6},"end":{"line":55,"column":52}},"32":{"start":{"line":60,"column":4},"end":{"line":60,"column":39}},"33":{"start":{"line":61,"column":4},"end":{"line":61,"column":61}},"34":{"start":{"line":65,"column":4},"end":{"line":65,"column":36}},"35":{"start":{"line":66,"column":4},"end":{"line":66,"column":34}}},"fnMap":{"0":{"name":"(anonymous_0)","decl":{"start":{"line":4,"column":2},"end":{"line":4,"column":3}},"loc":{"start":{"line":4,"column":15},"end":{"line":6,"column":3}},"line":4},"1":{"name":"(anonymous_1)","decl":{"start":{"line":8,"column":2},"end":{"line":8,"column":3}},"loc":{"start":{"line":8,"column":23},"end":{"line":10,"column":3}},"line":8},"2":{"name":"(anonymous_2)","decl":{"start":{"line":12,"column":2},"end":{"line":12,"column":3}},"loc":{"start":{"line":12,"column":22},"end":{"line":17,"column":3}},"line":12},"3":{"name":"(anonymous_3)","decl":{"start":{"line":14,"column":34},"end":{"line":14,"column":35}},"loc":{"start":{"line":14,"column":44},"end":{"line":16,"column":5}},"line":14},"4":{"name":"(anonymous_4)","decl":{"start":{"line":19,"column":2},"end":{"line":19,"column":3}},"loc":{"start":{"line":19,"column":31},"end":{"line":22,"column":3}},"line":19},"5":{"name":"(anonymous_5)","decl":{"start":{"line":24,"column":2},"end":{"line":24,"column":3}},"loc":{"start":{"line":24,"column":25},"end":{"line":33,"column":3}},"line":24},"6":{"name":"(anonymous_6)","decl":{"start":{"line":35,"column":2},"end":{"line":35,"column":3}},"loc":{"start":{"line":35,"column":24},"end":{"line":46,"column":3}},"line":35},"7":{"name":"(anonymous_7)","decl":{"start":{"line":43,"column":37},"end":{"line":43,"column":38}},"loc":{"start":{"line":43,"column":48},"end":{"line":43,"column":59}},"line":43},"8":{"name":"(anonymous_8)","decl":{"start":{"line":48,"column":2},"end":{"line":48,"column":3}},"loc":{"start":{"line":48,"column":34},"end":{"line":57,"column":3}},"line":48},"9":{"name":"(anonymous_9)","decl":{"start":{"line":59,"column":2},"end":{"line":59,"column":3}},"loc":{"start":{"line":59,"column":41},"end":{"line":62,"column":3}},"line":59},"10":{"name":"(anonymous_10)","decl":{"start":{"line":64,"column":2},"end":{"line":64,"column":3}},"loc":{"start":{"line":64,"column":29},"end":{"line":67,"column":3}},"line":64}},"branchMap":{"0":{"loc":{"start":{"line":26,"column":4},"end":{"line":28,"column":5}},"type":"if","locations":[{"start":{"line":26,"column":4},"end":{"line":28,"column":5}},{"start":{},"end":{}}],"line":26},"1":{"loc":{"start":{"line":30,"column":4},"end":{"line":32,"column":5}},"type":"if","locations":[{"start":{"line":30,"column":4},"end":{"line":32,"column":5}},{"start":{},"end":{}}],"line":30},"2":{"loc":{"start":{"line":37,"column":4},"end":{"line":38,"column":85}},"type":"if","locations":[{"start":{"line":37,"column":4},"end":{"line":38,"column":85}},{"start":{},"end":{}}],"line":37},"3":{"loc":{"start":{"line":39,"column":4},"end":{"line":39,"column":96}},"type":"if","locations":[{"start":{"line":39,"column":4},"end":{"line":39,"column":96}},{"start":{},"end":{}}],"line":39},"4":{"loc":{"start":{"line":40,"column":4},"end":{"line":40,"column":107}},"type":"if","locations":[{"start":{"line":40,"column":4},"end":{"line":40,"column":107}},{"start":{},"end":{}}],"line":40},"5":{"loc":{"start":{"line":41,"column":4},"end":{"line":41,"column":107}},"type":"if","locations":[{"start":{"line":41,"column":4},"end":{"line":41,"column":107}},{"start":{},"end":{}}],"line":41},"6":{"loc":{"start":{"line":42,"column":4},"end":{"line":42,"column":107}},"type":"if","locations":[{"start":{"line":42,"column":4},"end":{"line":42,"column":107}},{"start":{},"end":{}}],"line":42},"7":{"loc":{"start":{"line":43,"column":4},"end":{"line":45,"column":5}},"type":"if","locations":[{"start":{"line":43,"column":4},"end":{"line":45,"column":5}},{"start":{},"end":{}}],"line":43},"8":{"loc":{"start":{"line":50,"column":4},"end":{"line":52,"column":5}},"type":"if","locations":[{"start":{"line":50,"column":4},"end":{"line":52,"column":5}},{"start":{},"end":{}}],"line":50},"9":{"loc":{"start":{"line":54,"column":4},"end":{"line":56,"column":5}},"type":"if","locations":[{"start":{"line":54,"column":4},"end":{"line":56,"column":5}},{"start":{},"end":{}}],"line":54}},"s":{"0":1,"1":4,"2":4,"3":4,"4":4,"5":8,"6":4,"7":4,"8":4,"9":4,"10":1,"11":4,"12":3,"13":4,"14":4,"15":3,"16":4,"17":1,"18":4,"19":1,"20":4,"21":1,"22":4,"23":2,"24":4,"25":9,"26":1,"27":4,"28":4,"29":1,"30":4,"31":3,"32":4,"33":4,"34":4,"35":4},"f":{"0":4,"1":4,"2":4,"3":8,"4":4,"5":4,"6":4,"7":9,"8":4,"9":4,"10":4},"b":{"0":[1,3],"1":[3,1],"2":[3,1],"3":[1,3],"4":[1,3],"5":[1,3],"6":[2,2],"7":[1,3],"8":[1,3],"9":[3,1]},"_coverageSchema":"1a1c01bbd47fc00a2c39e90264f33305004495a9","hash":"5bf0fd5b06a4c1c647d5e8de8d08eb452b8ab3d7"}
}
