TN:
SF:src\App.js
FN:9,(anonymous_0)
FN:15,(anonymous_1)
FN:30,(anonymous_2)
FN:34,(anonymous_3)
FN:39,(anonymous_4)
FNF:5
FNH:5
FNDA:4,(anonymous_0)
FNDA:4,(anonymous_1)
FNDA:4,(anonymous_2)
FNDA:4,(anonymous_3)
FNDA:4,(anonymous_4)
DA:10,4
DA:11,4
DA:12,4
DA:16,4
DA:18,4
DA:19,4
DA:21,4
DA:22,4
DA:24,4
DA:25,4
DA:27,4
DA:31,4
DA:35,4
DA:36,4
DA:40,4
DA:41,4
DA:43,4
DA:44,4
DA:45,4
DA:47,4
DA:48,4
DA:50,4
DA:51,4
LF:23
LH:23
BRF:0
BRH:0
end_of_record
TN:
SF:src\Benefit.js
FN:4,(anonymous_0)
FN:12,(anonymous_1)
FN:22,(anonymous_2)
FN:32,(anonymous_3)
FN:40,(anonymous_4)
FN:46,(anonymous_5)
FN:54,(anonymous_6)
FN:64,(anonymous_7)
FN:71,(anonymous_8)
FN:81,(anonymous_9)
FN:88,(anonymous_10)
FNF:11
FNH:11
FNDA:19,(anonymous_0)
FNDA:4,(anonymous_1)
FNDA:3,(anonymous_2)
FNDA:7,(anonymous_3)
FNDA:6,(anonymous_4)
FNDA:5,(anonymous_5)
FNDA:4,(anonymous_6)
FNDA:3,(anonymous_7)
FNDA:4,(anonymous_8)
FNDA:2,(anonymous_9)
FNDA:10,(anonymous_10)
DA:5,19
DA:6,19
DA:7,19
DA:8,19
DA:9,19
DA:10,19
DA:13,4
DA:14,1
DA:17,3
DA:18,3
DA:23,3
DA:24,3
DA:25,3
DA:26,3
DA:27,3
DA:28,3
DA:33,7
DA:34,6
DA:37,1
DA:41,6
DA:43,6
DA:47,5
DA:48,2
DA:51,3
DA:55,4
DA:56,3
DA:58,3
DA:61,1
DA:65,3
DA:66,3
DA:68,3
DA:72,4
DA:73,2
DA:75,2
DA:78,2
DA:82,2
DA:83,2
DA:85,2
DA:89,10
DA:90,2
DA:93,8
LF:41
LH:41
BRDA:13,0,0,1
BRDA:13,0,1,3
BRDA:17,1,0,3
BRDA:17,1,1,0
BRDA:33,2,0,6
BRDA:33,2,1,1
BRDA:33,3,0,7
BRDA:33,3,1,7
BRDA:47,4,0,2
BRDA:47,4,1,3
BRDA:55,5,0,3
BRDA:55,5,1,1
BRDA:72,6,0,2
BRDA:72,6,1,2
BRDA:89,7,0,2
BRDA:89,7,1,8
BRF:16
BRH:15
end_of_record
TN:
SF:src\Menu.js
FN:6,(anonymous_0)
FN:22,(anonymous_1)
FN:23,(anonymous_2)
FN:33,(anonymous_3)
FN:37,(anonymous_4)
FNF:5
FNH:5
FNDA:5,(anonymous_0)
FNDA:6,(anonymous_1)
FNDA:12,(anonymous_2)
FNDA:5,(anonymous_3)
FNDA:5,(anonymous_4)
DA:7,5
DA:8,5
DA:9,5
DA:10,5
DA:11,5
DA:12,5
DA:14,4
DA:16,1
DA:18,1
DA:23,6
DA:24,12
DA:25,12
DA:27,12
DA:30,6
DA:34,5
DA:38,5
DA:39,5
DA:40,4
DA:41,4
LF:19
LH:19
BRF:0
BRH:0
end_of_record
TN:
SF:src\constants\Constant.js
FNF:0
FNH:0
DA:1,8
DA:6,8
DA:11,8
DA:17,8
DA:24,8
DA:29,8
DA:35,8
DA:50,8
DA:52,8
LF:9
LH:9
BRF:0
BRH:0
end_of_record
TN:
SF:src\utils\Validator.js
FN:4,(anonymous_0)
FN:8,(anonymous_1)
FN:15,(anonymous_2)
FN:28,(anonymous_3)
FN:29,(anonymous_4)
FN:43,(anonymous_5)
FN:47,(anonymous_6)
FN:54,(anonymous_7)
FN:56,(anonymous_8)
FN:67,(anonymous_9)
FN:69,(anonymous_10)
FN:77,(anonymous_11)
FN:86,(anonymous_12)
FN:88,(anonymous_13)
FN:89,(anonymous_14)
FN:92,(anonymous_15)
FN:94,(anonymous_16)
FN:95,(anonymous_17)
FN:98,(anonymous_18)
FN:107,(anonymous_19)
FNF:20
FNH:20
FNDA:5,(anonymous_0)
FNDA:60,(anonymous_1)
FNDA:9,(anonymous_2)
FNDA:6,(anonymous_3)
FNDA:13,(anonymous_4)
FNDA:6,(anonymous_5)
FNDA:18,(anonymous_6)
FNDA:5,(anonymous_7)
FNDA:9,(anonymous_8)
FNDA:5,(anonymous_9)
FNDA:11,(anonymous_10)
FNDA:10,(anonymous_11)
FNDA:4,(anonymous_12)
FNDA:12,(anonymous_13)
FNDA:5,(anonymous_14)
FNDA:3,(anonymous_15)
FNDA:7,(anonymous_16)
FNDA:5,(anonymous_17)
FNDA:10,(anonymous_18)
FNDA:8,(anonymous_19)
DA:5,5
DA:6,5
DA:8,60
DA:9,0
DA:12,5
DA:16,9
DA:17,2
DA:21,7
DA:22,3
DA:25,4
DA:29,6
DA:30,13
DA:32,13
DA:35,6
DA:36,6
DA:37,1
DA:40,5
DA:44,6
DA:45,6
DA:47,18
DA:48,2
DA:51,4
DA:55,5
DA:56,5
DA:57,9
DA:58,1
DA:61,8
DA:64,4
DA:68,5
DA:69,11
DA:70,5
DA:71,1
DA:74,4
DA:78,10
DA:79,10
DA:80,6
DA:83,4
DA:87,4
DA:88,12
DA:89,5
DA:93,3
DA:94,7
DA:95,5
DA:99,10
DA:100,10
DA:101,8
DA:104,2
DA:108,8
DA:109,6
DA:110,5
DA:111,3
LF:51
LH:50
BRDA:8,0,0,0
BRDA:8,0,1,5
BRDA:16,1,0,2
BRDA:16,1,1,7
BRDA:16,2,0,9
BRDA:16,2,1,8
BRDA:21,3,0,3
BRDA:21,3,1,4
BRDA:36,4,0,1
BRDA:36,4,1,5
BRDA:47,5,0,2
BRDA:47,5,1,4
BRDA:57,6,0,1
BRDA:57,6,1,8
BRDA:57,7,0,9
BRDA:57,7,1,8
BRDA:57,7,2,8
BRDA:70,8,0,1
BRDA:70,8,1,4
BRDA:79,9,0,6
BRDA:79,9,1,4
BRDA:79,10,0,10
BRDA:79,10,1,10
BRDA:100,11,0,8
BRDA:100,11,1,2
BRDA:108,12,0,2
BRDA:108,12,1,6
BRDA:108,13,0,8
BRDA:108,13,1,5
BRDA:109,14,0,1
BRDA:109,14,1,5
BRDA:109,15,0,6
BRDA:109,15,1,3
BRDA:110,16,0,2
BRDA:110,16,1,3
BRDA:111,17,0,3
BRDA:111,17,1,0
BRF:37
BRH:35
end_of_record
TN:
SF:src\utils\calculate.js
FN:3,(anonymous_0)
FN:4,(anonymous_1)
FN:14,(anonymous_2)
FN:16,(anonymous_3)
FN:17,(anonymous_4)
FNF:5
FNH:5
FNDA:4,(anonymous_0)
FNDA:8,(anonymous_1)
FNDA:4,(anonymous_2)
FNDA:24,(anonymous_3)
FNDA:16,(anonymous_4)
DA:3,1
DA:4,4
DA:5,8
DA:6,8
DA:8,0
DA:11,4
DA:14,1
DA:15,4
DA:16,24
DA:17,16
DA:19,4
DA:21,4
LF:12
LH:11
BRDA:5,0,0,8
BRDA:5,0,1,0
BRDA:16,1,0,24
BRDA:16,1,1,20
BRF:4
BRH:3
end_of_record
TN:
SF:src\utils\dateCheck.js
FN:5,(anonymous_0)
FN:18,(anonymous_1)
FNF:2
FNH:2
FNDA:5,(anonymous_0)
FNDA:5,(anonymous_1)
DA:5,1
DA:6,5
DA:7,5
DA:8,5
DA:10,4
DA:12,1
DA:14,1
DA:18,1
DA:19,5
DA:21,4
LF:10
LH:10
BRF:0
BRH:0
end_of_record
TN:
SF:src\views\InputView.js
FN:5,(anonymous_0)
FN:11,(anonymous_1)
FNF:2
FNH:2
FNDA:5,(anonymous_0)
FNDA:5,(anonymous_1)
DA:4,2
DA:6,5
DA:8,5
DA:12,5
DA:14,5
LF:5
LH:5
BRF:0
BRH:0
end_of_record
TN:
SF:src\views\OutputView.js
FN:4,(anonymous_0)
FN:8,(anonymous_1)
FN:12,(anonymous_2)
FN:14,(anonymous_3)
FN:19,(anonymous_4)
FN:24,(anonymous_5)
FN:35,(anonymous_6)
FN:43,(anonymous_7)
FN:48,(anonymous_8)
FN:59,(anonymous_9)
FN:64,(anonymous_10)
FNF:11
FNH:11
FNDA:4,(anonymous_0)
FNDA:4,(anonymous_1)
FNDA:4,(anonymous_2)
FNDA:8,(anonymous_3)
FNDA:4,(anonymous_4)
FNDA:4,(anonymous_5)
FNDA:4,(anonymous_6)
FNDA:9,(anonymous_7)
FNDA:4,(anonymous_8)
FNDA:4,(anonymous_9)
FNDA:4,(anonymous_10)
DA:3,1
DA:5,4
DA:9,4
DA:13,4
DA:14,4
DA:15,8
DA:20,4
DA:21,4
DA:25,4
DA:26,4
DA:27,1
DA:30,4
DA:31,3
DA:36,4
DA:37,4
DA:38,3
DA:39,4
DA:40,4
DA:41,4
DA:42,4
DA:43,9
DA:44,1
DA:49,4
DA:50,4
DA:51,1
DA:54,4
DA:55,3
DA:60,4
DA:61,4
DA:65,4
DA:66,4
LF:31
LH:31
BRDA:26,0,0,1
BRDA:26,0,1,3
BRDA:30,1,0,3
BRDA:30,1,1,1
BRDA:37,2,0,3
BRDA:37,2,1,1
BRDA:39,3,0,1
BRDA:39,3,1,3
BRDA:40,4,0,1
BRDA:40,4,1,3
BRDA:41,5,0,1
BRDA:41,5,1,3
BRDA:42,6,0,2
BRDA:42,6,1,2
BRDA:43,7,0,1
BRDA:43,7,1,3
BRDA:50,8,0,1
BRDA:50,8,1,3
BRDA:54,9,0,3
BRDA:54,9,1,1
BRF:20
BRH:20
end_of_record
